<?xml version="1.0" encoding="UTF-8"?>
<testsuite name="MainTest" tests="35" skipped="0" failures="0" errors="0" timestamp="2021-04-20T15:05:09" hostname="DESKTOP-RNU6IOU" time="0.374">
  <properties/>
  <testcase name="topKDepositTest()" classname="MainTest" time="0.048"/>
  <testcase name="whenBranchGiven_provideHighestPaidTeller()" classname="MainTest" time="0.009"/>
  <testcase name="whenNullBranchGiven_totalWithdrawalForYearAndMonth()" classname="MainTest" time="0.008"/>
  <testcase name="listCustomerwithCustomerWithLimit()" classname="MainTest" time="0.021"/>
  <testcase name="topkWithdrawalyearTest()" classname="MainTest" time="0.004"/>
  <testcase name="whenBranchGiven_calculateMonthlyBranchDepositWithdrawalDifference()" classname="MainTest" time="0.005"/>
  <testcase name="whenNullHQGiven_provideMostActiveCustomer()" classname="MainTest" time="0.004"/>
  <testcase name="whenHQGiven_provideMostActiveCustomer()" classname="MainTest" time="0.004"/>
  <testcase name="emptyDataTopKAccountFunctionalityTest()" classname="MainTest" time="0.001"/>
  <testcase name="thePeekMonthWithdrawTopKFunctionalityTest1()" classname="MainTest" time="0.019"/>
  <testcase name="thePeekMonthWithdrawTopKFunctionalityTest2()" classname="MainTest" time="0.002"/>
  <testcase name="thePeekMonthWithdrawTopKFunctionalityTest3()" classname="MainTest" time="0.001"/>
  <testcase name="whenNullBranchGiven_totalDepositForYearAndMonth()" classname="MainTest" time="0.002"/>
  <testcase name="theTopKAccountFunctionalityTest2()" classname="MainTest" time="0.001"/>
  <testcase name="worstCityInterOfCustomerNumberDataTest()" classname="MainTest" time="0.004"/>
  <testcase name="topkWithdrawalKthreeTest()" classname="MainTest" time="0.088"/>
  <testcase name="listOfCustomerWithCityAndSalaryTwoTest()" classname="MainTest" time="0.009"/>
  <testcase name="_lowestTransferoftheYear()" classname="MainTest" time="0.003"/>
  <testcase name="topKDepositTest1()" classname="MainTest" time="0.001"/>
  <testcase name="listOfCustomerWithCityAndSalaryWithAMountTest()" classname="MainTest" time="0.015"/>
  <testcase name="worstCityInterOfCustomerNumberTest()" classname="MainTest" time="0.002"/>
  <testcase name="whenHQGivenWithNegativeLimit_provideMostActiveCustomer()" classname="MainTest" time="0.001"/>
  <testcase name="listCustomerwithLimit()" classname="MainTest" time="0.001"/>
  <testcase name="listCustomerCorrect()" classname="MainTest" time="0.001"/>
  <testcase name="whenNullBranchGiven_calculateMonthlyBranchDepositWithdrawalDifference()" classname="MainTest" time="0.003"/>
  <testcase name="topkWithdrawalkFourTest()" classname="MainTest" time="0.002"/>
  <testcase name="whenBranchGiven_totalDepositForYearAndMonth()" classname="MainTest" time="0.001"/>
  <testcase name="emptyPeekWithdrawMonthTest()" classname="MainTest" time="0.0"/>
  <testcase name="_maximumNumberOfTranscationsInAMonth()" classname="MainTest" time="0.009"/>
  <testcase name="listCustomerWrongData()" classname="MainTest" time="0.003"/>
  <testcase name="theTopKAccountFunctionalityTest()" classname="MainTest" time="0.002"/>
  <testcase name="listOfCustomerWithCityAndSalaryWithCityTest()" classname="MainTest" time="0.003"/>
  <testcase name="whenNullBranchGiven_provideHighestPaidTeller()" classname="MainTest" time="0.001"/>
  <testcase name="listOfCustomerWithCityAndSalaryWithSpecificCityTest()" classname="MainTest" time="0.002"/>
  <testcase name="whenBranchGiven_totalWithdrawalForYearAndMonth()" classname="MainTest" time="0.002"/>
  <system-out><![CDATA[]]></system-out>
  <system-err><![CDATA[]]></system-err>
</testsuite>
